<?xml version="1.0" encoding="UTF-8"?>
<!-- Generated by org.testng.reporters.JUnitXMLReporter -->
<testsuite ignored="0" hostname="DESKTOP-I12U3FU" failures="0" tests="1" name="Intearctive AD safari2" time="0.739" errors="0" timestamp="2022-03-31T17:07:37 IST">
  <testcase classname="lambdatest.Interactive_AD_11_LT" name="@BeforeClass setUp" time="0.717">
    <failure type="org.openqa.selenium.SessionNotCreatedException" message="Could not start a new session. Response code 500. Message: The Browser/Os combination is not supported. Input capabilities : {&amp;quot;acceptInsecureCerts&amp;quot;:true,&amp;quot;acceptSslCerts&amp;quot;:true,&amp;quot;browserName&amp;quot;:&amp;quot;safari&amp;quot;,&amp;quot;build&amp;quot;:&amp;quot;Interactive_AD_11_Himanshu&amp;quot;,&amp;quot;console&amp;quot;:&amp;quot;true&amp;quot;,&amp;quot;enableNetworkThrottling&amp;quot;:false,&amp;quot;extendedDebuging&amp;quot;:true,&amp;quot;headless&amp;quot;:false,&amp;quot;loggingPrefs&amp;quot;:{&amp;quot;browser&amp;quot;:&amp;quot;ALL&amp;quot;,&amp;quot;driver&amp;quot;:&amp;quot;ALL&amp;quot;,&amp;quot;server&amp;quot;:&amp;quot;ALL&amp;quot;},&amp;quot;name&amp;quot;:&amp;quot;Partial Build&amp;quot;,&amp;quot;network&amp;quot;:true,&amp;quot;performance&amp;quot;:false,&amp;quot;platform&amp;quot;:&amp;quot;macos 10.15&amp;quot;,&amp;quot;resolution&amp;quot;:&amp;quot;1920x1080&amp;quot;,&amp;quot;safari.cookies&amp;quot;:true,&amp;quot;tunnel&amp;quot;:false,&amp;quot;tunnelIdentifier&amp;quot;:&amp;quot;&amp;quot;,&amp;quot;userAgent&amp;quot;:&amp;quot;selenium/4.1.2 (java windows)&amp;quot;,&amp;quot;version&amp;quot;:&amp;quot;14.0&amp;quot;,&amp;quot;video&amp;quot;:true,&amp;quot;visual&amp;quot;:true,&amp;quot;w3c&amp;quot;:true}
Build info: version: &amp;apos;4.1.2&amp;apos;, revision: &amp;apos;9a5a329c5a&amp;apos;
System info: host: &amp;apos;DESKTOP-I12U3FU&amp;apos;, ip: &amp;apos;192.168.1.8&amp;apos;, os.name: &amp;apos;Windows 10&amp;apos;, os.arch: &amp;apos;amd64&amp;apos;, os.version: &amp;apos;10.0&amp;apos;, java.version: &amp;apos;11.0.12&amp;apos;
Driver info: org.openqa.selenium.remote.RemoteWebDriver
Command: [null, newSession {capabilities=[Capabilities {browserName: safari, platformName: macos catalina}], desiredCapabilities=Capabilities {browserName: safari, build: Interactive_AD_11_Himanshu, console: true, name: Partial Build, network: true, platform: macOS Catalina, version: 14.0, video: true, visual: true}}]
Capabilities {}">
      <![CDATA[org.openqa.selenium.SessionNotCreatedException: Could not start a new session. Response code 500. Message: The Browser/Os combination is not supported. Input capabilities : {"acceptInsecureCerts":true,"acceptSslCerts":true,"browserName":"safari","build":"Interactive_AD_11_Himanshu","console":"true","enableNetworkThrottling":false,"extendedDebuging":true,"headless":false,"loggingPrefs":{"browser":"ALL","driver":"ALL","server":"ALL"},"name":"Partial Build","network":true,"performance":false,"platform":"macos 10.15","resolution":"1920x1080","safari.cookies":true,"tunnel":false,"tunnelIdentifier":"","userAgent":"selenium/4.1.2 (java windows)","version":"14.0","video":true,"visual":true,"w3c":true}
Build info: version: '4.1.2', revision: '9a5a329c5a'
System info: host: 'DESKTOP-I12U3FU', ip: '192.168.1.8', os.name: 'Windows 10', os.arch: 'amd64', os.version: '10.0', java.version: '11.0.12'
Driver info: org.openqa.selenium.remote.RemoteWebDriver
Command: [null, newSession {capabilities=[Capabilities {browserName: safari, platformName: macos catalina}], desiredCapabilities=Capabilities {browserName: safari, build: Interactive_AD_11_Himanshu, console: true, name: Partial Build, network: true, platform: macOS Catalina, version: 14.0, video: true, visual: true}}]
Capabilities {}
at org.openqa.selenium.remote.ProtocolHandshake.createSession(ProtocolHandshake.java:126)
at org.openqa.selenium.remote.ProtocolHandshake.createSession(ProtocolHandshake.java:84)
at org.openqa.selenium.remote.ProtocolHandshake.createSession(ProtocolHandshake.java:62)
at org.openqa.selenium.remote.HttpCommandExecutor.execute(HttpCommandExecutor.java:156)
at org.openqa.selenium.remote.TracedCommandExecutor.execute(TracedCommandExecutor.java:51)
at org.openqa.selenium.remote.RemoteWebDriver.execute(RemoteWebDriver.java:558)
at org.openqa.selenium.remote.RemoteWebDriver.startSession(RemoteWebDriver.java:245)
at org.openqa.selenium.remote.RemoteWebDriver.<init>(RemoteWebDriver.java:161)
at org.openqa.selenium.remote.RemoteWebDriver.<init>(RemoteWebDriver.java:143)
at lambdatest.Interactive_AD_11_LT.setUp(Interactive_AD_11_LT.java:48)
at java.base/java.util.ArrayList.forEach(ArrayList.java:1541)
at java.base/java.util.concurrent.FutureTask.run(FutureTask.java:264)
at java.base/java.util.concurrent.ThreadPoolExecutor.runWorker(ThreadPoolExecutor.java:1128)
at java.base/java.util.concurrent.ThreadPoolExecutor$Worker.run(ThreadPoolExecutor.java:628)
at java.base/java.lang.Thread.run(Thread.java:834)
... Removed 16 stack frames]]>
    </failure>
  </testcase> <!-- @BeforeClass setUp -->
  <testcase classname="lambdatest.Interactive_AD_11_LT" name="@AfterClass end" time="0.0">
    <skipped/>
  </testcase> <!-- @AfterClass end -->
  <testcase classname="lambdatest.Interactive_AD_11_LT" name="run" time="0.0">
    <skipped/>
  </testcase> <!-- run -->
</testsuite> <!-- Intearctive AD safari2 -->
