<!DOCTYPE html>

<html>
  <head>
  <meta charset='utf-8'>
  <title>TestNG reports</title>

    <link type="text/css" href="testng-reports1.css" rel="stylesheet" id="ultra" />
    <link type="text/css" href="testng-reports.css" rel="stylesheet" id="retro" disabled="false"/>
    <script type="text/javascript" src="jquery.min.js"></script>
    <script type="text/javascript" src="testng-reports.js"></script>
    <script type="text/javascript" src="https://www.google.com/jsapi"></script>
    <script type='text/javascript'>
      google.load('visualization', '1', {packages:['table']});
      google.setOnLoadCallback(drawTable);
      var suiteTableInitFunctions = new Array();
      var suiteTableData = new Array();
    </script>
    <!--
      <script type="text/javascript" src="jquery-ui/js/jquery-ui-1.8.16.custom.min.js"></script>
     -->
  </head>

  <body>
    <div class="top-banner-root">
      <span class="top-banner-title-font">Test results</span>
      <button id="button" class="button">Switch Retro Theme</button> <!-- button -->
      <br/>
      <span class="top-banner-font-1">1 suite, 11 failed tests</span>
    </div> <!-- top-banner-root -->
    <div class="navigator-root">
      <div class="navigator-suite-header">
        <span>All suites</span>
        <a href="#" title="Collapse/expand all the suites" class="collapse-all-link">
          <img src="collapseall.gif" class="collapse-all-icon">
          </img> <!-- collapse-all-icon -->
        </a> <!-- collapse-all-link -->
      </div> <!-- navigator-suite-header -->
      <div class="suite">
        <div class="rounded-window">
          <div class="suite-header light-rounded-window-top">
            <a href="#" panel-name="suite-Parallel_Test_Suite" class="navigator-link">
              <span class="suite-name border-failed">Parallel Test Suite</span>
            </a> <!-- navigator-link -->
          </div> <!-- suite-header light-rounded-window-top -->
          <div class="navigator-suite-content">
            <div class="suite-section-title">
              <span>Info</span>
            </div> <!-- suite-section-title -->
            <div class="suite-section-content">
              <ul>
                <li>
                  <a href="#" panel-name="test-xml-Parallel_Test_Suite" class="navigator-link ">
                    <span>C:\Users\HP\eclipse-workspace1\LambdaTest\testng.xml</span>
                  </a> <!-- navigator-link  -->
                </li>
                <li>
                  <a href="#" panel-name="testlist-Parallel_Test_Suite" class="navigator-link ">
                    <span class="test-stats">16 tests</span>
                  </a> <!-- navigator-link  -->
                </li>
                <li>
                  <a href="#" panel-name="group-Parallel_Test_Suite" class="navigator-link ">
                    <span>0 groups</span>
                  </a> <!-- navigator-link  -->
                </li>
                <li>
                  <a href="#" panel-name="times-Parallel_Test_Suite" class="navigator-link ">
                    <span>Times</span>
                  </a> <!-- navigator-link  -->
                </li>
                <li>
                  <a href="#" panel-name="reporter-Parallel_Test_Suite" class="navigator-link ">
                    <span>Reporter output</span>
                  </a> <!-- navigator-link  -->
                </li>
                <li>
                  <a href="#" panel-name="ignored-methods-Parallel_Test_Suite" class="navigator-link ">
                    <span>Ignored methods</span>
                  </a> <!-- navigator-link  -->
                </li>
                <li>
                  <a href="#" panel-name="chronological-Parallel_Test_Suite" class="navigator-link ">
                    <span>Chronological view</span>
                  </a> <!-- navigator-link  -->
                </li>
              </ul>
            </div> <!-- suite-section-content -->
            <div class="result-section">
              <div class="suite-section-title">
                <span>Results</span>
              </div> <!-- suite-section-title -->
              <div class="suite-section-content">
                <ul>
                  <li>
                    <span class="method-stats">16 methods, 11 failed,   5 passed</span>
                  </li>
                  <li>
                    <span class="method-list-title failed">Failed methods</span>
                    <span class="show-or-hide-methods failed">
                      <a href="#" panel-name="suite-Parallel_Test_Suite" class="hide-methods failed suite-Parallel_Test_Suite"> (hide)</a> <!-- hide-methods failed suite-Parallel_Test_Suite -->
                      <a href="#" panel-name="suite-Parallel_Test_Suite" class="show-methods failed suite-Parallel_Test_Suite"> (show)</a> <!-- show-methods failed suite-Parallel_Test_Suite -->
                    </span>
                    <div class="method-list-content failed suite-Parallel_Test_Suite">
                      <span>
                        <img src="failed.png" width="3%"/>
                        <a href="#" panel-name="suite-Parallel_Test_Suite" title="Test.TestNG_THO" class="method navigator-link" hash-for-method="action">action</a> <!-- method navigator-link -->
                      </span>
                      <br/>
                      <span>
                        <img src="failed.png" width="3%"/>
                        <a href="#" panel-name="suite-Parallel_Test_Suite" title="Test.TestNG_THO" class="method navigator-link" hash-for-method="action">action</a> <!-- method navigator-link -->
                      </span>
                      <br/>
                      <span>
                        <img src="failed.png" width="3%"/>
                        <a href="#" panel-name="suite-Parallel_Test_Suite" title="Test.TestNG_THO" class="method navigator-link" hash-for-method="action">action</a> <!-- method navigator-link -->
                      </span>
                      <br/>
                      <span>
                        <img src="failed.png" width="3%"/>
                        <a href="#" panel-name="suite-Parallel_Test_Suite" title="Test.TestNG_THO" class="method navigator-link" hash-for-method="action">action</a> <!-- method navigator-link -->
                      </span>
                      <br/>
                      <span>
                        <img src="failed.png" width="3%"/>
                        <a href="#" panel-name="suite-Parallel_Test_Suite" title="Test.TestNG_THO" class="method navigator-link" hash-for-method="action">action</a> <!-- method navigator-link -->
                      </span>
                      <br/>
                      <span>
                        <img src="failed.png" width="3%"/>
                        <a href="#" panel-name="suite-Parallel_Test_Suite" title="Test.TestNG_THO" class="method navigator-link" hash-for-method="action">action</a> <!-- method navigator-link -->
                      </span>
                      <br/>
                      <span>
                        <img src="failed.png" width="3%"/>
                        <a href="#" panel-name="suite-Parallel_Test_Suite" title="Test.TestNG_THO" class="method navigator-link" hash-for-method="action">action</a> <!-- method navigator-link -->
                      </span>
                      <br/>
                      <span>
                        <img src="failed.png" width="3%"/>
                        <a href="#" panel-name="suite-Parallel_Test_Suite" title="Test.TestNG_THO" class="method navigator-link" hash-for-method="action">action</a> <!-- method navigator-link -->
                      </span>
                      <br/>
                      <span>
                        <img src="failed.png" width="3%"/>
                        <a href="#" panel-name="suite-Parallel_Test_Suite" title="Test.TestNG_THO" class="method navigator-link" hash-for-method="action">action</a> <!-- method navigator-link -->
                      </span>
                      <br/>
                      <span>
                        <img src="failed.png" width="3%"/>
                        <a href="#" panel-name="suite-Parallel_Test_Suite" title="Test.TestNG_THO" class="method navigator-link" hash-for-method="action">action</a> <!-- method navigator-link -->
                      </span>
                      <br/>
                      <span>
                        <img src="failed.png" width="3%"/>
                        <a href="#" panel-name="suite-Parallel_Test_Suite" title="Test.TestNG_THO" class="method navigator-link" hash-for-method="action">action</a> <!-- method navigator-link -->
                      </span>
                      <br/>
                    </div> <!-- method-list-content failed suite-Parallel_Test_Suite -->
                  </li>
                  <li>
                    <span class="method-list-title passed">Passed methods</span>
                    <span class="show-or-hide-methods passed">
                      <a href="#" panel-name="suite-Parallel_Test_Suite" class="hide-methods passed suite-Parallel_Test_Suite"> (hide)</a> <!-- hide-methods passed suite-Parallel_Test_Suite -->
                      <a href="#" panel-name="suite-Parallel_Test_Suite" class="show-methods passed suite-Parallel_Test_Suite"> (show)</a> <!-- show-methods passed suite-Parallel_Test_Suite -->
                    </span>
                    <div class="method-list-content passed suite-Parallel_Test_Suite">
                      <span>
                        <img src="passed.png" width="3%"/>
                        <a href="#" panel-name="suite-Parallel_Test_Suite" title="Test.TestNG_THO" class="method navigator-link" hash-for-method="action">action</a> <!-- method navigator-link -->
                      </span>
                      <br/>
                      <span>
                        <img src="passed.png" width="3%"/>
                        <a href="#" panel-name="suite-Parallel_Test_Suite" title="Test.TestNG_THO" class="method navigator-link" hash-for-method="action">action</a> <!-- method navigator-link -->
                      </span>
                      <br/>
                      <span>
                        <img src="passed.png" width="3%"/>
                        <a href="#" panel-name="suite-Parallel_Test_Suite" title="Test.TestNG_THO" class="method navigator-link" hash-for-method="action">action</a> <!-- method navigator-link -->
                      </span>
                      <br/>
                      <span>
                        <img src="passed.png" width="3%"/>
                        <a href="#" panel-name="suite-Parallel_Test_Suite" title="Test.TestNG_THO" class="method navigator-link" hash-for-method="action">action</a> <!-- method navigator-link -->
                      </span>
                      <br/>
                      <span>
                        <img src="passed.png" width="3%"/>
                        <a href="#" panel-name="suite-Parallel_Test_Suite" title="Test.TestNG_THO" class="method navigator-link" hash-for-method="action">action</a> <!-- method navigator-link -->
                      </span>
                      <br/>
                    </div> <!-- method-list-content passed suite-Parallel_Test_Suite -->
                  </li>
                </ul>
              </div> <!-- suite-section-content -->
            </div> <!-- result-section -->
          </div> <!-- navigator-suite-content -->
        </div> <!-- rounded-window -->
      </div> <!-- suite -->
    </div> <!-- navigator-root -->
    <div class="wrapper">
      <div class="main-panel-root">
        <div panel-name="suite-Parallel_Test_Suite" class="panel Parallel_Test_Suite">
          <div class="suite-Parallel_Test_Suite-class-failed">
            <div class="main-panel-header rounded-window-top">
              <img src="failed.png"/>
              <span class="class-name">Test.TestNG_THO</span>
            </div> <!-- main-panel-header rounded-window-top -->
            <div class="main-panel-content rounded-window-bottom">
              <div class="method">
                <div class="method-content">
                  <a name="action">
                  </a> <!-- action -->
                  <span class="method-name">action</span>
                  <div class="stack-trace">java.lang.NullPointerException: Cannot invoke &quot;org.openqa.selenium.remote.RemoteWebDriver.get(String)&quot; because &quot;Test.TestNG_THO.driver&quot; is null
	at Test.TestNG_THO.action(TestNG_THO.java:49)
	at java.base/java.util.ArrayList.forEach(ArrayList.java:1511)
	at java.base/java.util.concurrent.FutureTask.run(FutureTask.java:264)
	at java.base/java.util.concurrent.ThreadPoolExecutor.runWorker(ThreadPoolExecutor.java:1136)
	at java.base/java.util.concurrent.ThreadPoolExecutor$Worker.run(ThreadPoolExecutor.java:635)
	at java.base/java.lang.Thread.run(Thread.java:833)
... Removed 18 stack frames
</div> <!-- stack-trace -->
                </div> <!-- method-content -->
              </div> <!-- method -->
              <div class="method">
                <div class="method-content">
                  <a name="action">
                  </a> <!-- action -->
                  <span class="method-name">action</span>
                  <div class="stack-trace">java.lang.NullPointerException: Cannot invoke &quot;org.openqa.selenium.remote.RemoteWebDriver.get(String)&quot; because &quot;Test.TestNG_THO.driver&quot; is null
	at Test.TestNG_THO.action(TestNG_THO.java:49)
	at java.base/java.util.ArrayList.forEach(ArrayList.java:1511)
	at java.base/java.util.concurrent.FutureTask.run(FutureTask.java:264)
	at java.base/java.util.concurrent.ThreadPoolExecutor.runWorker(ThreadPoolExecutor.java:1136)
	at java.base/java.util.concurrent.ThreadPoolExecutor$Worker.run(ThreadPoolExecutor.java:635)
	at java.base/java.lang.Thread.run(Thread.java:833)
... Removed 18 stack frames
</div> <!-- stack-trace -->
                </div> <!-- method-content -->
              </div> <!-- method -->
              <div class="method">
                <div class="method-content">
                  <a name="action">
                  </a> <!-- action -->
                  <span class="method-name">action</span>
                  <div class="stack-trace">org.openqa.selenium.NoSuchElementException: 
For documentation on this error, please visit: https://www.seleniumhq.org/exceptions/no_such_element.html
Build info: version: &apos;3.141.59&apos;, revision: &apos;e82be7d358&apos;, time: &apos;2018-11-14T08:17:03&apos;
System info: host: &apos;DESKTOP-RI90LI4&apos;, ip: &apos;192.168.1.30&apos;, os.name: &apos;Windows 11&apos;, os.arch: &apos;amd64&apos;, os.version: &apos;10.0&apos;, java.version: &apos;17.0.2&apos;
Driver info: org.openqa.selenium.remote.RemoteWebDriver
Capabilities {acceptInsecureCerts: false, browserName: Safari, browserVersion: 13.1.2, javascriptEnabled: true, platform: MAC, platformName: MAC, safari:automaticInspection: false, safari:automaticProfiling: false, safari:diagnose: false, safari:platformBuildVersion: 19G73, safari:platformVersion: 10.15.6, safari:useSimulator: false, setWindowRect: true, strictFileInteractability: false, webdriver.remote.sessionid: 400A80AB-248F-4EF2-B4A7-A53..., webkit:WebRTC: {DisableICECandidateFiltering: false, DisableInsecureMediaCapture: false}}
Session ID: 400A80AB-248F-4EF2-B4A7-A534C6F103CC
*** Element info: {Using=xpath, value=//button[@id=&apos;onesignal-slidedown-cancel-button&apos;]}
	at org.openqa.selenium.remote.http.W3CHttpResponseCodec.createException(W3CHttpResponseCodec.java:187)
	at org.openqa.selenium.remote.http.W3CHttpResponseCodec.decode(W3CHttpResponseCodec.java:122)
	at org.openqa.selenium.remote.http.W3CHttpResponseCodec.decode(W3CHttpResponseCodec.java:49)
	at org.openqa.selenium.remote.HttpCommandExecutor.execute(HttpCommandExecutor.java:158)
	at org.openqa.selenium.remote.RemoteWebDriver.execute(RemoteWebDriver.java:552)
	at org.openqa.selenium.remote.RemoteWebDriver.findElement(RemoteWebDriver.java:323)
	at org.openqa.selenium.remote.RemoteWebDriver.findElementByXPath(RemoteWebDriver.java:428)
	at org.openqa.selenium.By$ByXPath.findElement(By.java:353)
	at org.openqa.selenium.remote.RemoteWebDriver.findElement(RemoteWebDriver.java:315)
	at Test.TestNG_THO.action(TestNG_THO.java:56)
	at java.base/java.util.ArrayList.forEach(ArrayList.java:1511)
	at java.base/java.util.concurrent.FutureTask.run(FutureTask.java:264)
	at java.base/java.util.concurrent.ThreadPoolExecutor.runWorker(ThreadPoolExecutor.java:1136)
	at java.base/java.util.concurrent.ThreadPoolExecutor$Worker.run(ThreadPoolExecutor.java:635)
	at java.base/java.lang.Thread.run(Thread.java:833)
... Removed 23 stack frames
</div> <!-- stack-trace -->
                </div> <!-- method-content -->
              </div> <!-- method -->
              <div class="method">
                <div class="method-content">
                  <a name="action">
                  </a> <!-- action -->
                  <span class="method-name">action</span>
                  <div class="stack-trace">org.openqa.selenium.NoSuchElementException: Unable to locate element: //input[@class=&apos;input&apos;]
For documentation on this error, please visit: https://www.seleniumhq.org/exceptions/no_such_element.html
Build info: version: &apos;3.141.59&apos;, revision: &apos;e82be7d358&apos;, time: &apos;2018-11-14T08:17:03&apos;
System info: host: &apos;DESKTOP-RI90LI4&apos;, ip: &apos;192.168.1.30&apos;, os.name: &apos;Windows 11&apos;, os.arch: &apos;amd64&apos;, os.version: &apos;10.0&apos;, java.version: &apos;17.0.2&apos;
Driver info: org.openqa.selenium.remote.RemoteWebDriver
Capabilities {acceptInsecureCerts: true, browserName: firefox, browserVersion: 96.0.1, javascriptEnabled: true, moz:accessibilityChecks: false, moz:buildID: 20220113185450, moz:geckodriverVersion: 0.30.0, moz:headless: false, moz:processID: 1356, moz:profile: C:\Users\ltuser\AppData\Loc..., moz:shutdownTimeout: 60000, moz:useNonSpecCompliantPointerOrigin: false, moz:webdriverClick: true, pageLoadStrategy: normal, platform: WINDOWS, platformName: WINDOWS, platformVersion: 10.0, proxy: Proxy(), setWindowRect: true, strictFileInteractability: false, timeouts: {implicit: 0, pageLoad: 300000, script: 30000}, unhandledPromptBehavior: dismiss and notify, webdriver.remote.sessionid: 42a7f8fd-38bd-43ae-a5c7-a57...}
Session ID: 42a7f8fd-38bd-43ae-a5c7-a57571c85506
*** Element info: {Using=xpath, value=//input[@class=&apos;input&apos;]}
	at org.openqa.selenium.remote.http.W3CHttpResponseCodec.createException(W3CHttpResponseCodec.java:187)
	at org.openqa.selenium.remote.http.W3CHttpResponseCodec.decode(W3CHttpResponseCodec.java:122)
	at org.openqa.selenium.remote.http.W3CHttpResponseCodec.decode(W3CHttpResponseCodec.java:49)
	at org.openqa.selenium.remote.HttpCommandExecutor.execute(HttpCommandExecutor.java:158)
	at org.openqa.selenium.remote.RemoteWebDriver.execute(RemoteWebDriver.java:552)
	at org.openqa.selenium.remote.RemoteWebDriver.findElement(RemoteWebDriver.java:323)
	at org.openqa.selenium.remote.RemoteWebDriver.findElementByXPath(RemoteWebDriver.java:428)
	at org.openqa.selenium.By$ByXPath.findElement(By.java:353)
	at org.openqa.selenium.remote.RemoteWebDriver.findElement(RemoteWebDriver.java:315)
	at Test.TestNG_THO.action(TestNG_THO.java:52)
	at java.base/java.util.ArrayList.forEach(ArrayList.java:1511)
	at java.base/java.util.concurrent.FutureTask.run(FutureTask.java:264)
	at java.base/java.util.concurrent.ThreadPoolExecutor.runWorker(ThreadPoolExecutor.java:1136)
	at java.base/java.util.concurrent.ThreadPoolExecutor$Worker.run(ThreadPoolExecutor.java:635)
	at java.base/java.lang.Thread.run(Thread.java:833)
... Removed 23 stack frames
</div> <!-- stack-trace -->
                </div> <!-- method-content -->
              </div> <!-- method -->
              <div class="method">
                <div class="method-content">
                  <a name="action">
                  </a> <!-- action -->
                  <span class="method-name">action</span>
                  <div class="stack-trace">org.openqa.selenium.NoSuchElementException: Unable to locate element: //input[@class=&apos;input&apos;]
For documentation on this error, please visit: https://www.seleniumhq.org/exceptions/no_such_element.html
Build info: version: &apos;3.141.59&apos;, revision: &apos;e82be7d358&apos;, time: &apos;2018-11-14T08:17:03&apos;
System info: host: &apos;DESKTOP-RI90LI4&apos;, ip: &apos;192.168.1.30&apos;, os.name: &apos;Windows 11&apos;, os.arch: &apos;amd64&apos;, os.version: &apos;10.0&apos;, java.version: &apos;17.0.2&apos;
Driver info: org.openqa.selenium.remote.RemoteWebDriver
Capabilities {acceptInsecureCerts: true, browserName: firefox, browserVersion: 96.0.1, javascriptEnabled: true, moz:accessibilityChecks: false, moz:buildID: 20220113185450, moz:geckodriverVersion: 0.30.0, moz:headless: false, moz:processID: 1356, moz:profile: C:\Users\ltuser\AppData\Loc..., moz:shutdownTimeout: 60000, moz:useNonSpecCompliantPointerOrigin: false, moz:webdriverClick: true, pageLoadStrategy: normal, platform: WINDOWS, platformName: WINDOWS, platformVersion: 10.0, proxy: Proxy(), setWindowRect: true, strictFileInteractability: false, timeouts: {implicit: 0, pageLoad: 300000, script: 30000}, unhandledPromptBehavior: dismiss and notify, webdriver.remote.sessionid: 42a7f8fd-38bd-43ae-a5c7-a57...}
Session ID: 42a7f8fd-38bd-43ae-a5c7-a57571c85506
*** Element info: {Using=xpath, value=//input[@class=&apos;input&apos;]}
	at org.openqa.selenium.remote.http.W3CHttpResponseCodec.createException(W3CHttpResponseCodec.java:187)
	at org.openqa.selenium.remote.http.W3CHttpResponseCodec.decode(W3CHttpResponseCodec.java:122)
	at org.openqa.selenium.remote.http.W3CHttpResponseCodec.decode(W3CHttpResponseCodec.java:49)
	at org.openqa.selenium.remote.HttpCommandExecutor.execute(HttpCommandExecutor.java:158)
	at org.openqa.selenium.remote.RemoteWebDriver.execute(RemoteWebDriver.java:552)
	at org.openqa.selenium.remote.RemoteWebDriver.findElement(RemoteWebDriver.java:323)
	at org.openqa.selenium.remote.RemoteWebDriver.findElementByXPath(RemoteWebDriver.java:428)
	at org.openqa.selenium.By$ByXPath.findElement(By.java:353)
	at org.openqa.selenium.remote.RemoteWebDriver.findElement(RemoteWebDriver.java:315)
	at Test.TestNG_THO.action(TestNG_THO.java:52)
	at java.base/java.util.ArrayList.forEach(ArrayList.java:1511)
	at java.base/java.util.concurrent.FutureTask.run(FutureTask.java:264)
	at java.base/java.util.concurrent.ThreadPoolExecutor.runWorker(ThreadPoolExecutor.java:1136)
	at java.base/java.util.concurrent.ThreadPoolExecutor$Worker.run(ThreadPoolExecutor.java:635)
	at java.base/java.lang.Thread.run(Thread.java:833)
... Removed 23 stack frames
</div> <!-- stack-trace -->
                </div> <!-- method-content -->
              </div> <!-- method -->
              <div class="method">
                <div class="method-content">
                  <a name="action">
                  </a> <!-- action -->
                  <span class="method-name">action</span>
                  <div class="stack-trace">org.openqa.selenium.NoSuchElementException: Unable to locate element: //input[@class=&apos;input&apos;]
For documentation on this error, please visit: https://www.seleniumhq.org/exceptions/no_such_element.html
Build info: version: &apos;3.141.59&apos;, revision: &apos;e82be7d358&apos;, time: &apos;2018-11-14T08:17:03&apos;
System info: host: &apos;DESKTOP-RI90LI4&apos;, ip: &apos;192.168.1.30&apos;, os.name: &apos;Windows 11&apos;, os.arch: &apos;amd64&apos;, os.version: &apos;10.0&apos;, java.version: &apos;17.0.2&apos;
Driver info: org.openqa.selenium.remote.RemoteWebDriver
Capabilities {acceptInsecureCerts: true, browserName: firefox, browserVersion: 96.0.1, javascriptEnabled: true, moz:accessibilityChecks: false, moz:buildID: 20220113185450, moz:geckodriverVersion: 0.30.0, moz:headless: false, moz:processID: 1356, moz:profile: C:\Users\ltuser\AppData\Loc..., moz:shutdownTimeout: 60000, moz:useNonSpecCompliantPointerOrigin: false, moz:webdriverClick: true, pageLoadStrategy: normal, platform: WINDOWS, platformName: WINDOWS, platformVersion: 10.0, proxy: Proxy(), setWindowRect: true, strictFileInteractability: false, timeouts: {implicit: 0, pageLoad: 300000, script: 30000}, unhandledPromptBehavior: dismiss and notify, webdriver.remote.sessionid: 42a7f8fd-38bd-43ae-a5c7-a57...}
Session ID: 42a7f8fd-38bd-43ae-a5c7-a57571c85506
*** Element info: {Using=xpath, value=//input[@class=&apos;input&apos;]}
	at org.openqa.selenium.remote.http.W3CHttpResponseCodec.createException(W3CHttpResponseCodec.java:187)
	at org.openqa.selenium.remote.http.W3CHttpResponseCodec.decode(W3CHttpResponseCodec.java:122)
	at org.openqa.selenium.remote.http.W3CHttpResponseCodec.decode(W3CHttpResponseCodec.java:49)
	at org.openqa.selenium.remote.HttpCommandExecutor.execute(HttpCommandExecutor.java:158)
	at org.openqa.selenium.remote.RemoteWebDriver.execute(RemoteWebDriver.java:552)
	at org.openqa.selenium.remote.RemoteWebDriver.findElement(RemoteWebDriver.java:323)
	at org.openqa.selenium.remote.RemoteWebDriver.findElementByXPath(RemoteWebDriver.java:428)
	at org.openqa.selenium.By$ByXPath.findElement(By.java:353)
	at org.openqa.selenium.remote.RemoteWebDriver.findElement(RemoteWebDriver.java:315)
	at Test.TestNG_THO.action(TestNG_THO.java:52)
	at java.base/java.util.ArrayList.forEach(ArrayList.java:1511)
	at java.base/java.util.concurrent.FutureTask.run(FutureTask.java:264)
	at java.base/java.util.concurrent.ThreadPoolExecutor.runWorker(ThreadPoolExecutor.java:1136)
	at java.base/java.util.concurrent.ThreadPoolExecutor$Worker.run(ThreadPoolExecutor.java:635)
	at java.base/java.lang.Thread.run(Thread.java:833)
... Removed 23 stack frames
</div> <!-- stack-trace -->
                </div> <!-- method-content -->
              </div> <!-- method -->
              <div class="method">
                <div class="method-content">
                  <a name="action">
                  </a> <!-- action -->
                  <span class="method-name">action</span>
                  <div class="stack-trace">org.openqa.selenium.NoSuchElementException: Unable to locate element: //input[@class=&apos;input&apos;]
For documentation on this error, please visit: https://www.seleniumhq.org/exceptions/no_such_element.html
Build info: version: &apos;3.141.59&apos;, revision: &apos;e82be7d358&apos;, time: &apos;2018-11-14T08:17:03&apos;
System info: host: &apos;DESKTOP-RI90LI4&apos;, ip: &apos;192.168.1.30&apos;, os.name: &apos;Windows 11&apos;, os.arch: &apos;amd64&apos;, os.version: &apos;10.0&apos;, java.version: &apos;17.0.2&apos;
Driver info: org.openqa.selenium.remote.RemoteWebDriver
Capabilities {acceptInsecureCerts: true, browserName: firefox, browserVersion: 96.0.1, javascriptEnabled: true, moz:accessibilityChecks: false, moz:buildID: 20220113185450, moz:geckodriverVersion: 0.30.0, moz:headless: false, moz:processID: 1356, moz:profile: C:\Users\ltuser\AppData\Loc..., moz:shutdownTimeout: 60000, moz:useNonSpecCompliantPointerOrigin: false, moz:webdriverClick: true, pageLoadStrategy: normal, platform: WINDOWS, platformName: WINDOWS, platformVersion: 10.0, proxy: Proxy(), setWindowRect: true, strictFileInteractability: false, timeouts: {implicit: 0, pageLoad: 300000, script: 30000}, unhandledPromptBehavior: dismiss and notify, webdriver.remote.sessionid: 42a7f8fd-38bd-43ae-a5c7-a57...}
Session ID: 42a7f8fd-38bd-43ae-a5c7-a57571c85506
*** Element info: {Using=xpath, value=//input[@class=&apos;input&apos;]}
	at org.openqa.selenium.remote.http.W3CHttpResponseCodec.createException(W3CHttpResponseCodec.java:187)
	at org.openqa.selenium.remote.http.W3CHttpResponseCodec.decode(W3CHttpResponseCodec.java:122)
	at org.openqa.selenium.remote.http.W3CHttpResponseCodec.decode(W3CHttpResponseCodec.java:49)
	at org.openqa.selenium.remote.HttpCommandExecutor.execute(HttpCommandExecutor.java:158)
	at org.openqa.selenium.remote.RemoteWebDriver.execute(RemoteWebDriver.java:552)
	at org.openqa.selenium.remote.RemoteWebDriver.findElement(RemoteWebDriver.java:323)
	at org.openqa.selenium.remote.RemoteWebDriver.findElementByXPath(RemoteWebDriver.java:428)
	at org.openqa.selenium.By$ByXPath.findElement(By.java:353)
	at org.openqa.selenium.remote.RemoteWebDriver.findElement(RemoteWebDriver.java:315)
	at Test.TestNG_THO.action(TestNG_THO.java:52)
	at java.base/java.util.ArrayList.forEach(ArrayList.java:1511)
	at java.base/java.util.concurrent.FutureTask.run(FutureTask.java:264)
	at java.base/java.util.concurrent.ThreadPoolExecutor.runWorker(ThreadPoolExecutor.java:1136)
	at java.base/java.util.concurrent.ThreadPoolExecutor$Worker.run(ThreadPoolExecutor.java:635)
	at java.base/java.lang.Thread.run(Thread.java:833)
... Removed 23 stack frames
</div> <!-- stack-trace -->
                </div> <!-- method-content -->
              </div> <!-- method -->
              <div class="method">
                <div class="method-content">
                  <a name="action">
                  </a> <!-- action -->
                  <span class="method-name">action</span>
                  <div class="stack-trace">org.openqa.selenium.NoSuchElementException: Unable to locate element: //input[@class=&apos;input&apos;]
For documentation on this error, please visit: https://www.seleniumhq.org/exceptions/no_such_element.html
Build info: version: &apos;3.141.59&apos;, revision: &apos;e82be7d358&apos;, time: &apos;2018-11-14T08:17:03&apos;
System info: host: &apos;DESKTOP-RI90LI4&apos;, ip: &apos;192.168.1.30&apos;, os.name: &apos;Windows 11&apos;, os.arch: &apos;amd64&apos;, os.version: &apos;10.0&apos;, java.version: &apos;17.0.2&apos;
Driver info: org.openqa.selenium.remote.RemoteWebDriver
Capabilities {acceptInsecureCerts: true, browserName: firefox, browserVersion: 96.0.1, javascriptEnabled: true, moz:accessibilityChecks: false, moz:buildID: 20220113185450, moz:geckodriverVersion: 0.30.0, moz:headless: false, moz:processID: 1356, moz:profile: C:\Users\ltuser\AppData\Loc..., moz:shutdownTimeout: 60000, moz:useNonSpecCompliantPointerOrigin: false, moz:webdriverClick: true, pageLoadStrategy: normal, platform: WINDOWS, platformName: WINDOWS, platformVersion: 10.0, proxy: Proxy(), setWindowRect: true, strictFileInteractability: false, timeouts: {implicit: 0, pageLoad: 300000, script: 30000}, unhandledPromptBehavior: dismiss and notify, webdriver.remote.sessionid: 42a7f8fd-38bd-43ae-a5c7-a57...}
Session ID: 42a7f8fd-38bd-43ae-a5c7-a57571c85506
*** Element info: {Using=xpath, value=//input[@class=&apos;input&apos;]}
	at org.openqa.selenium.remote.http.W3CHttpResponseCodec.createException(W3CHttpResponseCodec.java:187)
	at org.openqa.selenium.remote.http.W3CHttpResponseCodec.decode(W3CHttpResponseCodec.java:122)
	at org.openqa.selenium.remote.http.W3CHttpResponseCodec.decode(W3CHttpResponseCodec.java:49)
	at org.openqa.selenium.remote.HttpCommandExecutor.execute(HttpCommandExecutor.java:158)
	at org.openqa.selenium.remote.RemoteWebDriver.execute(RemoteWebDriver.java:552)
	at org.openqa.selenium.remote.RemoteWebDriver.findElement(RemoteWebDriver.java:323)
	at org.openqa.selenium.remote.RemoteWebDriver.findElementByXPath(RemoteWebDriver.java:428)
	at org.openqa.selenium.By$ByXPath.findElement(By.java:353)
	at org.openqa.selenium.remote.RemoteWebDriver.findElement(RemoteWebDriver.java:315)
	at Test.TestNG_THO.action(TestNG_THO.java:52)
	at java.base/java.util.ArrayList.forEach(ArrayList.java:1511)
	at java.base/java.util.concurrent.FutureTask.run(FutureTask.java:264)
	at java.base/java.util.concurrent.ThreadPoolExecutor.runWorker(ThreadPoolExecutor.java:1136)
	at java.base/java.util.concurrent.ThreadPoolExecutor$Worker.run(ThreadPoolExecutor.java:635)
	at java.base/java.lang.Thread.run(Thread.java:833)
... Removed 23 stack frames
</div> <!-- stack-trace -->
                </div> <!-- method-content -->
              </div> <!-- method -->
              <div class="method">
                <div class="method-content">
                  <a name="action">
                  </a> <!-- action -->
                  <span class="method-name">action</span>
                  <div class="stack-trace">org.openqa.selenium.NoSuchElementException: Unable to locate element: //input[@class=&apos;input&apos;]
For documentation on this error, please visit: https://www.seleniumhq.org/exceptions/no_such_element.html
Build info: version: &apos;3.141.59&apos;, revision: &apos;e82be7d358&apos;, time: &apos;2018-11-14T08:17:03&apos;
System info: host: &apos;DESKTOP-RI90LI4&apos;, ip: &apos;192.168.1.30&apos;, os.name: &apos;Windows 11&apos;, os.arch: &apos;amd64&apos;, os.version: &apos;10.0&apos;, java.version: &apos;17.0.2&apos;
Driver info: org.openqa.selenium.remote.RemoteWebDriver
Capabilities {acceptInsecureCerts: true, browserName: firefox, browserVersion: 96.0.1, javascriptEnabled: true, moz:accessibilityChecks: false, moz:buildID: 20220113185450, moz:geckodriverVersion: 0.30.0, moz:headless: false, moz:processID: 1356, moz:profile: C:\Users\ltuser\AppData\Loc..., moz:shutdownTimeout: 60000, moz:useNonSpecCompliantPointerOrigin: false, moz:webdriverClick: true, pageLoadStrategy: normal, platform: WINDOWS, platformName: WINDOWS, platformVersion: 10.0, proxy: Proxy(), setWindowRect: true, strictFileInteractability: false, timeouts: {implicit: 0, pageLoad: 300000, script: 30000}, unhandledPromptBehavior: dismiss and notify, webdriver.remote.sessionid: 42a7f8fd-38bd-43ae-a5c7-a57...}
Session ID: 42a7f8fd-38bd-43ae-a5c7-a57571c85506
*** Element info: {Using=xpath, value=//input[@class=&apos;input&apos;]}
	at org.openqa.selenium.remote.http.W3CHttpResponseCodec.createException(W3CHttpResponseCodec.java:187)
	at org.openqa.selenium.remote.http.W3CHttpResponseCodec.decode(W3CHttpResponseCodec.java:122)
	at org.openqa.selenium.remote.http.W3CHttpResponseCodec.decode(W3CHttpResponseCodec.java:49)
	at org.openqa.selenium.remote.HttpCommandExecutor.execute(HttpCommandExecutor.java:158)
	at org.openqa.selenium.remote.RemoteWebDriver.execute(RemoteWebDriver.java:552)
	at org.openqa.selenium.remote.RemoteWebDriver.findElement(RemoteWebDriver.java:323)
	at org.openqa.selenium.remote.RemoteWebDriver.findElementByXPath(RemoteWebDriver.java:428)
	at org.openqa.selenium.By$ByXPath.findElement(By.java:353)
	at org.openqa.selenium.remote.RemoteWebDriver.findElement(RemoteWebDriver.java:315)
	at Test.TestNG_THO.action(TestNG_THO.java:52)
	at java.base/java.util.ArrayList.forEach(ArrayList.java:1511)
	at java.base/java.util.concurrent.FutureTask.run(FutureTask.java:264)
	at java.base/java.util.concurrent.ThreadPoolExecutor.runWorker(ThreadPoolExecutor.java:1136)
	at java.base/java.util.concurrent.ThreadPoolExecutor$Worker.run(ThreadPoolExecutor.java:635)
	at java.base/java.lang.Thread.run(Thread.java:833)
... Removed 23 stack frames
</div> <!-- stack-trace -->
                </div> <!-- method-content -->
              </div> <!-- method -->
              <div class="method">
                <div class="method-content">
                  <a name="action">
                  </a> <!-- action -->
                  <span class="method-name">action</span>
                  <div class="stack-trace">org.openqa.selenium.NoSuchElementException: Unable to locate element: //input[@class=&apos;input&apos;]
For documentation on this error, please visit: https://www.seleniumhq.org/exceptions/no_such_element.html
Build info: version: &apos;3.141.59&apos;, revision: &apos;e82be7d358&apos;, time: &apos;2018-11-14T08:17:03&apos;
System info: host: &apos;DESKTOP-RI90LI4&apos;, ip: &apos;192.168.1.30&apos;, os.name: &apos;Windows 11&apos;, os.arch: &apos;amd64&apos;, os.version: &apos;10.0&apos;, java.version: &apos;17.0.2&apos;
Driver info: org.openqa.selenium.remote.RemoteWebDriver
Capabilities {acceptInsecureCerts: true, browserName: firefox, browserVersion: 96.0.1, javascriptEnabled: true, moz:accessibilityChecks: false, moz:buildID: 20220113185450, moz:geckodriverVersion: 0.30.0, moz:headless: false, moz:processID: 1356, moz:profile: C:\Users\ltuser\AppData\Loc..., moz:shutdownTimeout: 60000, moz:useNonSpecCompliantPointerOrigin: false, moz:webdriverClick: true, pageLoadStrategy: normal, platform: WINDOWS, platformName: WINDOWS, platformVersion: 10.0, proxy: Proxy(), setWindowRect: true, strictFileInteractability: false, timeouts: {implicit: 0, pageLoad: 300000, script: 30000}, unhandledPromptBehavior: dismiss and notify, webdriver.remote.sessionid: 42a7f8fd-38bd-43ae-a5c7-a57...}
Session ID: 42a7f8fd-38bd-43ae-a5c7-a57571c85506
*** Element info: {Using=xpath, value=//input[@class=&apos;input&apos;]}
	at org.openqa.selenium.remote.http.W3CHttpResponseCodec.createException(W3CHttpResponseCodec.java:187)
	at org.openqa.selenium.remote.http.W3CHttpResponseCodec.decode(W3CHttpResponseCodec.java:122)
	at org.openqa.selenium.remote.http.W3CHttpResponseCodec.decode(W3CHttpResponseCodec.java:49)
	at org.openqa.selenium.remote.HttpCommandExecutor.execute(HttpCommandExecutor.java:158)
	at org.openqa.selenium.remote.RemoteWebDriver.execute(RemoteWebDriver.java:552)
	at org.openqa.selenium.remote.RemoteWebDriver.findElement(RemoteWebDriver.java:323)
	at org.openqa.selenium.remote.RemoteWebDriver.findElementByXPath(RemoteWebDriver.java:428)
	at org.openqa.selenium.By$ByXPath.findElement(By.java:353)
	at org.openqa.selenium.remote.RemoteWebDriver.findElement(RemoteWebDriver.java:315)
	at Test.TestNG_THO.action(TestNG_THO.java:52)
	at java.base/java.util.ArrayList.forEach(ArrayList.java:1511)
	at java.base/java.util.concurrent.FutureTask.run(FutureTask.java:264)
	at java.base/java.util.concurrent.ThreadPoolExecutor.runWorker(ThreadPoolExecutor.java:1136)
	at java.base/java.util.concurrent.ThreadPoolExecutor$Worker.run(ThreadPoolExecutor.java:635)
	at java.base/java.lang.Thread.run(Thread.java:833)
... Removed 23 stack frames
</div> <!-- stack-trace -->
                </div> <!-- method-content -->
              </div> <!-- method -->
              <div class="method">
                <div class="method-content">
                  <a name="action">
                  </a> <!-- action -->
                  <span class="method-name">action</span>
                  <div class="stack-trace">org.openqa.selenium.NoSuchElementException: Unable to locate element: //img[@src=&apos;https://storage.googleapis.com/source-uploads-production/uploads/thumbnail_Home_Depot_Logo_45f706b63c/thumbnail_Home_Depot_Logo_45f706b63c.jpg&apos;]
For documentation on this error, please visit: https://www.seleniumhq.org/exceptions/no_such_element.html
Build info: version: &apos;3.141.59&apos;, revision: &apos;e82be7d358&apos;, time: &apos;2018-11-14T08:17:03&apos;
System info: host: &apos;DESKTOP-RI90LI4&apos;, ip: &apos;192.168.1.30&apos;, os.name: &apos;Windows 11&apos;, os.arch: &apos;amd64&apos;, os.version: &apos;10.0&apos;, java.version: &apos;17.0.2&apos;
Driver info: org.openqa.selenium.remote.RemoteWebDriver
Capabilities {acceptInsecureCerts: true, browserName: firefox, browserVersion: 96.0.1, javascriptEnabled: true, moz:accessibilityChecks: false, moz:buildID: 20220113185450, moz:geckodriverVersion: 0.30.0, moz:headless: false, moz:processID: 1356, moz:profile: C:\Users\ltuser\AppData\Loc..., moz:shutdownTimeout: 60000, moz:useNonSpecCompliantPointerOrigin: false, moz:webdriverClick: true, pageLoadStrategy: normal, platform: WINDOWS, platformName: WINDOWS, platformVersion: 10.0, proxy: Proxy(), setWindowRect: true, strictFileInteractability: false, timeouts: {implicit: 0, pageLoad: 300000, script: 30000}, unhandledPromptBehavior: dismiss and notify, webdriver.remote.sessionid: 42a7f8fd-38bd-43ae-a5c7-a57...}
Session ID: 42a7f8fd-38bd-43ae-a5c7-a57571c85506
*** Element info: {Using=xpath, value=//img[@src=&apos;https://storage.googleapis.com/source-uploads-production/uploads/thumbnail_Home_Depot_Logo_45f706b63c/thumbnail_Home_Depot_Logo_45f706b63c.jpg&apos;]}
	at org.openqa.selenium.remote.http.W3CHttpResponseCodec.createException(W3CHttpResponseCodec.java:187)
	at org.openqa.selenium.remote.http.W3CHttpResponseCodec.decode(W3CHttpResponseCodec.java:122)
	at org.openqa.selenium.remote.http.W3CHttpResponseCodec.decode(W3CHttpResponseCodec.java:49)
	at org.openqa.selenium.remote.HttpCommandExecutor.execute(HttpCommandExecutor.java:158)
	at org.openqa.selenium.remote.RemoteWebDriver.execute(RemoteWebDriver.java:552)
	at org.openqa.selenium.remote.RemoteWebDriver.findElement(RemoteWebDriver.java:323)
	at org.openqa.selenium.remote.RemoteWebDriver.findElementByXPath(RemoteWebDriver.java:428)
	at org.openqa.selenium.By$ByXPath.findElement(By.java:353)
	at org.openqa.selenium.remote.RemoteWebDriver.findElement(RemoteWebDriver.java:315)
	at Test.TestNG_THO.action(TestNG_THO.java:74)
	at java.base/java.util.ArrayList.forEach(ArrayList.java:1511)
	at java.base/java.util.concurrent.FutureTask.run(FutureTask.java:264)
	at java.base/java.util.concurrent.ThreadPoolExecutor.runWorker(ThreadPoolExecutor.java:1136)
	at java.base/java.util.concurrent.ThreadPoolExecutor$Worker.run(ThreadPoolExecutor.java:635)
	at java.base/java.lang.Thread.run(Thread.java:833)
... Removed 23 stack frames
</div> <!-- stack-trace -->
                </div> <!-- method-content -->
              </div> <!-- method -->
            </div> <!-- main-panel-content rounded-window-bottom -->
          </div> <!-- suite-Parallel_Test_Suite-class-failed -->
          <div class="suite-Parallel_Test_Suite-class-passed">
            <div class="main-panel-header rounded-window-top">
              <img src="passed.png"/>
              <span class="class-name">Test.TestNG_THO</span>
            </div> <!-- main-panel-header rounded-window-top -->
            <div class="main-panel-content rounded-window-bottom">
              <div class="method">
                <div class="method-content">
                  <a name="action">
                  </a> <!-- action -->
                  <span class="method-name">action</span>
                </div> <!-- method-content -->
              </div> <!-- method -->
              <div class="method">
                <div class="method-content">
                  <a name="action">
                  </a> <!-- action -->
                  <span class="method-name">action</span>
                </div> <!-- method-content -->
              </div> <!-- method -->
              <div class="method">
                <div class="method-content">
                  <a name="action">
                  </a> <!-- action -->
                  <span class="method-name">action</span>
                </div> <!-- method-content -->
              </div> <!-- method -->
              <div class="method">
                <div class="method-content">
                  <a name="action">
                  </a> <!-- action -->
                  <span class="method-name">action</span>
                </div> <!-- method-content -->
              </div> <!-- method -->
              <div class="method">
                <div class="method-content">
                  <a name="action">
                  </a> <!-- action -->
                  <span class="method-name">action</span>
                </div> <!-- method-content -->
              </div> <!-- method -->
            </div> <!-- main-panel-content rounded-window-bottom -->
          </div> <!-- suite-Parallel_Test_Suite-class-passed -->
        </div> <!-- panel Parallel_Test_Suite -->
        <div panel-name="test-xml-Parallel_Test_Suite" class="panel">
          <div class="main-panel-header rounded-window-top">
            <span class="header-content">C:\Users\HP\eclipse-workspace1\LambdaTest\testng.xml</span>
          </div> <!-- main-panel-header rounded-window-top -->
          <div class="main-panel-content rounded-window-bottom">
            <pre>
&lt;?xml version=&quot;1.0&quot; encoding=&quot;UTF-8&quot;?&gt;
&lt;!DOCTYPE suite SYSTEM &quot;https://testng.org/testng-1.0.dtd&quot;&gt;
&lt;suite thread-count=&quot;16&quot; parallel=&quot;tests&quot; name=&quot;Parallel Test Suite&quot; guice-stage=&quot;DEVELOPMENT&quot;&gt;
  &lt;test thread-count=&quot;16&quot; parallel=&quot;tests&quot; name=&quot;TodaysHomeOwner_Chrome Test&quot;&gt;
    &lt;parameter name=&quot;browser&quot; value=&quot;chrome&quot;/&gt;
    &lt;parameter name=&quot;version&quot; value=&quot;97.0&quot;/&gt;
    &lt;parameter name=&quot;platform&quot; value=&quot;WIN11&quot;/&gt;
    &lt;classes&gt;
      &lt;class name=&quot;Test.TestNG_THO&quot;/&gt;
    &lt;/classes&gt;
  &lt;/test&gt; &lt;!-- TodaysHomeOwner_Chrome Test --&gt;
  &lt;test thread-count=&quot;16&quot; parallel=&quot;tests&quot; name=&quot;TodaysHomeOwner_Chrome Test1&quot;&gt;
    &lt;parameter name=&quot;browser&quot; value=&quot;chrome&quot;/&gt;
    &lt;parameter name=&quot;version&quot; value=&quot;97.0&quot;/&gt;
    &lt;parameter name=&quot;platform&quot; value=&quot;WIN10&quot;/&gt;
    &lt;classes&gt;
      &lt;class name=&quot;Test.TestNG_THO&quot;/&gt;
    &lt;/classes&gt;
  &lt;/test&gt; &lt;!-- TodaysHomeOwner_Chrome Test1 --&gt;
  &lt;test thread-count=&quot;16&quot; parallel=&quot;tests&quot; name=&quot;TodaysHomeOwner_Chrome Test2&quot;&gt;
    &lt;parameter name=&quot;browser&quot; value=&quot;chrome&quot;/&gt;
    &lt;parameter name=&quot;version&quot; value=&quot;97.0&quot;/&gt;
    &lt;parameter name=&quot;platform&quot; value=&quot;WIN8.1&quot;/&gt;
    &lt;classes&gt;
      &lt;class name=&quot;Test.TestNG_THO&quot;/&gt;
    &lt;/classes&gt;
  &lt;/test&gt; &lt;!-- TodaysHomeOwner_Chrome Test2 --&gt;
  &lt;test thread-count=&quot;16&quot; parallel=&quot;tests&quot; name=&quot;TodaysHomeOwner_Firefox Test&quot;&gt;
    &lt;parameter name=&quot;browser&quot; value=&quot;firefox&quot;/&gt;
    &lt;parameter name=&quot;version&quot; value=&quot;96.0&quot;/&gt;
    &lt;parameter name=&quot;platform&quot; value=&quot;WIN11&quot;/&gt;
    &lt;classes&gt;
      &lt;class name=&quot;Test.TestNG_THO&quot;/&gt;
    &lt;/classes&gt;
  &lt;/test&gt; &lt;!-- TodaysHomeOwner_Firefox Test --&gt;
  &lt;test thread-count=&quot;16&quot; parallel=&quot;tests&quot; name=&quot;TodaysHomeOwner_Firefox Test1&quot;&gt;
    &lt;parameter name=&quot;browser&quot; value=&quot;firefox&quot;/&gt;
    &lt;parameter name=&quot;version&quot; value=&quot;96.0&quot;/&gt;
    &lt;parameter name=&quot;platform&quot; value=&quot;WIN10&quot;/&gt;
    &lt;classes&gt;
      &lt;class name=&quot;Test.TestNG_THO&quot;/&gt;
    &lt;/classes&gt;
  &lt;/test&gt; &lt;!-- TodaysHomeOwner_Firefox Test1 --&gt;
  &lt;test thread-count=&quot;16&quot; parallel=&quot;tests&quot; name=&quot;TodaysHomeOwner_Firefox Test2&quot;&gt;
    &lt;parameter name=&quot;browser&quot; value=&quot;firefox&quot;/&gt;
    &lt;parameter name=&quot;version&quot; value=&quot;96.0&quot;/&gt;
    &lt;parameter name=&quot;platform&quot; value=&quot;WIN8.1&quot;/&gt;
    &lt;classes&gt;
      &lt;class name=&quot;Test.TestNG_THO&quot;/&gt;
    &lt;/classes&gt;
  &lt;/test&gt; &lt;!-- TodaysHomeOwner_Firefox Test2 --&gt;
  &lt;test thread-count=&quot;16&quot; parallel=&quot;tests&quot; name=&quot;TodaysHomeOwner_Safari Test&quot;&gt;
    &lt;parameter name=&quot;browser&quot; value=&quot;safari&quot;/&gt;
    &lt;parameter name=&quot;version&quot; value=&quot;15.0&quot;/&gt;
    &lt;parameter name=&quot;platform&quot; value=&quot;MacOS Monterey&quot;/&gt;
    &lt;classes&gt;
      &lt;class name=&quot;Test.TestNG_THO&quot;/&gt;
    &lt;/classes&gt;
  &lt;/test&gt; &lt;!-- TodaysHomeOwner_Safari Test --&gt;
  &lt;test thread-count=&quot;16&quot; parallel=&quot;tests&quot; name=&quot;TodaysHomeOwner_Safari Test1&quot;&gt;
    &lt;parameter name=&quot;browser&quot; value=&quot;safari&quot;/&gt;
    &lt;parameter name=&quot;version&quot; value=&quot;15.0&quot;/&gt;
    &lt;parameter name=&quot;platform&quot; value=&quot;macOS Big Sur&quot;/&gt;
    &lt;classes&gt;
      &lt;class name=&quot;Test.TestNG_THO&quot;/&gt;
    &lt;/classes&gt;
  &lt;/test&gt; &lt;!-- TodaysHomeOwner_Safari Test1 --&gt;
  &lt;test thread-count=&quot;16&quot; parallel=&quot;tests&quot; name=&quot;TodaysHomeOwner_Safari Test2&quot;&gt;
    &lt;parameter name=&quot;browser&quot; value=&quot;safari&quot;/&gt;
    &lt;parameter name=&quot;version&quot; value=&quot;14.0&quot;/&gt;
    &lt;parameter name=&quot;platform&quot; value=&quot;macOS Catalina&quot;/&gt;
    &lt;classes&gt;
      &lt;class name=&quot;Test.TestNG_THO&quot;/&gt;
    &lt;/classes&gt;
  &lt;/test&gt; &lt;!-- TodaysHomeOwner_Safari Test2 --&gt;
  &lt;test thread-count=&quot;16&quot; parallel=&quot;tests&quot; name=&quot;TodaysHomeOwner_Safari Test3&quot;&gt;
    &lt;parameter name=&quot;browser&quot; value=&quot;safari&quot;/&gt;
    &lt;parameter name=&quot;version&quot; value=&quot;13.0&quot;/&gt;
    &lt;parameter name=&quot;platform&quot; value=&quot;macOS Catalina&quot;/&gt;
    &lt;classes&gt;
      &lt;class name=&quot;Test.TestNG_THO&quot;/&gt;
    &lt;/classes&gt;
  &lt;/test&gt; &lt;!-- TodaysHomeOwner_Safari Test3 --&gt;
  &lt;test thread-count=&quot;16&quot; parallel=&quot;tests&quot; name=&quot;TodaysHomeOwner_Edge Test&quot;&gt;
    &lt;parameter name=&quot;browser&quot; value=&quot;MicrosoftEdge&quot;/&gt;
    &lt;parameter name=&quot;version&quot; value=&quot;97.0&quot;/&gt;
    &lt;parameter name=&quot;platform&quot; value=&quot;WIN11&quot;/&gt;
    &lt;classes&gt;
      &lt;class name=&quot;Test.TestNG_THO&quot;/&gt;
    &lt;/classes&gt;
  &lt;/test&gt; &lt;!-- TodaysHomeOwner_Edge Test --&gt;
  &lt;test thread-count=&quot;16&quot; parallel=&quot;tests&quot; name=&quot;TodaysHomeOwner_Edge Test1&quot;&gt;
    &lt;parameter name=&quot;browser&quot; value=&quot;MicrosoftEdge&quot;/&gt;
    &lt;parameter name=&quot;version&quot; value=&quot;97.0&quot;/&gt;
    &lt;parameter name=&quot;platform&quot; value=&quot;WIN10&quot;/&gt;
    &lt;classes&gt;
      &lt;class name=&quot;Test.TestNG_THO&quot;/&gt;
    &lt;/classes&gt;
  &lt;/test&gt; &lt;!-- TodaysHomeOwner_Edge Test1 --&gt;
  &lt;test thread-count=&quot;16&quot; parallel=&quot;tests&quot; name=&quot;TodaysHomeOwner_Edge Test2&quot;&gt;
    &lt;parameter name=&quot;browser&quot; value=&quot;MicrosoftEdge&quot;/&gt;
    &lt;parameter name=&quot;version&quot; value=&quot;97.0&quot;/&gt;
    &lt;parameter name=&quot;platform&quot; value=&quot;WIN8.1&quot;/&gt;
    &lt;classes&gt;
      &lt;class name=&quot;Test.TestNG_THO&quot;/&gt;
    &lt;/classes&gt;
  &lt;/test&gt; &lt;!-- TodaysHomeOwner_Edge Test2 --&gt;
  &lt;test thread-count=&quot;16&quot; parallel=&quot;tests&quot; name=&quot;TodaysHomeOwner_Opera Test&quot;&gt;
    &lt;parameter name=&quot;browser&quot; value=&quot;opera&quot;/&gt;
    &lt;parameter name=&quot;version&quot; value=&quot;82.0&quot;/&gt;
    &lt;parameter name=&quot;platform&quot; value=&quot;WIN11&quot;/&gt;
    &lt;classes&gt;
      &lt;class name=&quot;Test.TestNG_THO&quot;/&gt;
    &lt;/classes&gt;
  &lt;/test&gt; &lt;!-- TodaysHomeOwner_Opera Test --&gt;
  &lt;test thread-count=&quot;16&quot; parallel=&quot;tests&quot; name=&quot;TodaysHomeOwner_Opera Test1&quot;&gt;
    &lt;parameter name=&quot;browser&quot; value=&quot;opera&quot;/&gt;
    &lt;parameter name=&quot;version&quot; value=&quot;82.0&quot;/&gt;
    &lt;parameter name=&quot;platform&quot; value=&quot;WIN10&quot;/&gt;
    &lt;classes&gt;
      &lt;class name=&quot;Test.TestNG_THO&quot;/&gt;
    &lt;/classes&gt;
  &lt;/test&gt; &lt;!-- TodaysHomeOwner_Opera Test1 --&gt;
  &lt;test thread-count=&quot;16&quot; parallel=&quot;tests&quot; name=&quot;TodaysHomeOwner_Opera Test2&quot;&gt;
    &lt;parameter name=&quot;browser&quot; value=&quot;opera&quot;/&gt;
    &lt;parameter name=&quot;version&quot; value=&quot;82.0&quot;/&gt;
    &lt;parameter name=&quot;platform&quot; value=&quot;WIN8.1&quot;/&gt;
    &lt;classes&gt;
      &lt;class name=&quot;Test.TestNG_THO&quot;/&gt;
    &lt;/classes&gt;
  &lt;/test&gt; &lt;!-- TodaysHomeOwner_Opera Test2 --&gt;
&lt;/suite&gt; &lt;!-- Parallel Test Suite --&gt;
            </pre>
          </div> <!-- main-panel-content rounded-window-bottom -->
        </div> <!-- panel -->
        <div panel-name="testlist-Parallel_Test_Suite" class="panel">
          <div class="main-panel-header rounded-window-top">
            <span class="header-content">Tests for Parallel Test Suite</span>
          </div> <!-- main-panel-header rounded-window-top -->
          <div class="main-panel-content rounded-window-bottom">
            <ul>
              <li>
                <span class="test-name">TodaysHomeOwner_Chrome Test (1 class)</span>
              </li>
              <li>
                <span class="test-name">TodaysHomeOwner_Chrome Test1 (1 class)</span>
              </li>
              <li>
                <span class="test-name">TodaysHomeOwner_Chrome Test2 (1 class)</span>
              </li>
              <li>
                <span class="test-name">TodaysHomeOwner_Firefox Test (1 class)</span>
              </li>
              <li>
                <span class="test-name">TodaysHomeOwner_Firefox Test1 (1 class)</span>
              </li>
              <li>
                <span class="test-name">TodaysHomeOwner_Firefox Test2 (1 class)</span>
              </li>
              <li>
                <span class="test-name">TodaysHomeOwner_Safari Test (1 class)</span>
              </li>
              <li>
                <span class="test-name">TodaysHomeOwner_Safari Test1 (1 class)</span>
              </li>
              <li>
                <span class="test-name">TodaysHomeOwner_Safari Test2 (1 class)</span>
              </li>
              <li>
                <span class="test-name">TodaysHomeOwner_Safari Test3 (1 class)</span>
              </li>
              <li>
                <span class="test-name">TodaysHomeOwner_Edge Test (1 class)</span>
              </li>
              <li>
                <span class="test-name">TodaysHomeOwner_Edge Test1 (1 class)</span>
              </li>
              <li>
                <span class="test-name">TodaysHomeOwner_Edge Test2 (1 class)</span>
              </li>
              <li>
                <span class="test-name">TodaysHomeOwner_Opera Test (1 class)</span>
              </li>
              <li>
                <span class="test-name">TodaysHomeOwner_Opera Test1 (1 class)</span>
              </li>
              <li>
                <span class="test-name">TodaysHomeOwner_Opera Test2 (1 class)</span>
              </li>
            </ul>
          </div> <!-- main-panel-content rounded-window-bottom -->
        </div> <!-- panel -->
        <div panel-name="group-Parallel_Test_Suite" class="panel">
          <div class="main-panel-header rounded-window-top">
            <span class="header-content">Groups for Parallel Test Suite</span>
          </div> <!-- main-panel-header rounded-window-top -->
          <div class="main-panel-content rounded-window-bottom">
          </div> <!-- main-panel-content rounded-window-bottom -->
        </div> <!-- panel -->
        <div panel-name="times-Parallel_Test_Suite" class="panel">
          <div class="main-panel-header rounded-window-top">
            <span class="header-content">Times for Parallel Test Suite</span>
          </div> <!-- main-panel-header rounded-window-top -->
          <div class="main-panel-content rounded-window-bottom">
            <div class="times-div">
              <script type="text/javascript">
suiteTableInitFunctions.push('tableData_Parallel_Test_Suite');
function tableData_Parallel_Test_Suite() {
var data = new google.visualization.DataTable();
data.addColumn('number', 'Number');
data.addColumn('string', 'Method');
data.addColumn('string', 'Class');
data.addColumn('number', 'Time (ms)');
data.addRows(16);
data.setCell(0, 0, 0)
data.setCell(0, 1, 'action')
data.setCell(0, 2, 'Test.TestNG_THO')
data.setCell(0, 3, 92170);
data.setCell(1, 0, 1)
data.setCell(1, 1, 'action')
data.setCell(1, 2, 'Test.TestNG_THO')
data.setCell(1, 3, 89725);
data.setCell(2, 0, 2)
data.setCell(2, 1, 'action')
data.setCell(2, 2, 'Test.TestNG_THO')
data.setCell(2, 3, 88647);
data.setCell(3, 0, 3)
data.setCell(3, 1, 'action')
data.setCell(3, 2, 'Test.TestNG_THO')
data.setCell(3, 3, 88285);
data.setCell(4, 0, 4)
data.setCell(4, 1, 'action')
data.setCell(4, 2, 'Test.TestNG_THO')
data.setCell(4, 3, 83158);
data.setCell(5, 0, 5)
data.setCell(5, 1, 'action')
data.setCell(5, 2, 'Test.TestNG_THO')
data.setCell(5, 3, 80497);
data.setCell(6, 0, 6)
data.setCell(6, 1, 'action')
data.setCell(6, 2, 'Test.TestNG_THO')
data.setCell(6, 3, 24072);
data.setCell(7, 0, 7)
data.setCell(7, 1, 'action')
data.setCell(7, 2, 'Test.TestNG_THO')
data.setCell(7, 3, 23889);
data.setCell(8, 0, 8)
data.setCell(8, 1, 'action')
data.setCell(8, 2, 'Test.TestNG_THO')
data.setCell(8, 3, 23682);
data.setCell(9, 0, 9)
data.setCell(9, 1, 'action')
data.setCell(9, 2, 'Test.TestNG_THO')
data.setCell(9, 3, 23646);
data.setCell(10, 0, 10)
data.setCell(10, 1, 'action')
data.setCell(10, 2, 'Test.TestNG_THO')
data.setCell(10, 3, 23629);
data.setCell(11, 0, 11)
data.setCell(11, 1, 'action')
data.setCell(11, 2, 'Test.TestNG_THO')
data.setCell(11, 3, 23555);
data.setCell(12, 0, 12)
data.setCell(12, 1, 'action')
data.setCell(12, 2, 'Test.TestNG_THO')
data.setCell(12, 3, 23547);
data.setCell(13, 0, 13)
data.setCell(13, 1, 'action')
data.setCell(13, 2, 'Test.TestNG_THO')
data.setCell(13, 3, 7344);
data.setCell(14, 0, 14)
data.setCell(14, 1, 'action')
data.setCell(14, 2, 'Test.TestNG_THO')
data.setCell(14, 3, 9);
data.setCell(15, 0, 15)
data.setCell(15, 1, 'action')
data.setCell(15, 2, 'Test.TestNG_THO')
data.setCell(15, 3, 8);
window.suiteTableData['Parallel_Test_Suite']= { tableData: data, tableDiv: 'times-div-Parallel_Test_Suite'}
return data;
}
              </script>
              <span class="suite-total-time">Total running time: 10 minutes</span>
              <div id="times-div-Parallel_Test_Suite">
              </div> <!-- times-div-Parallel_Test_Suite -->
            </div> <!-- times-div -->
          </div> <!-- main-panel-content rounded-window-bottom -->
        </div> <!-- panel -->
        <div panel-name="reporter-Parallel_Test_Suite" class="panel">
          <div class="main-panel-header rounded-window-top">
            <span class="header-content">Reporter output for Parallel Test Suite</span>
          </div> <!-- main-panel-header rounded-window-top -->
          <div class="main-panel-content rounded-window-bottom">
          </div> <!-- main-panel-content rounded-window-bottom -->
        </div> <!-- panel -->
        <div panel-name="ignored-methods-Parallel_Test_Suite" class="panel">
          <div class="main-panel-header rounded-window-top">
            <span class="header-content">0 ignored methods</span>
          </div> <!-- main-panel-header rounded-window-top -->
          <div class="main-panel-content rounded-window-bottom">
          </div> <!-- main-panel-content rounded-window-bottom -->
        </div> <!-- panel -->
        <div panel-name="chronological-Parallel_Test_Suite" class="panel">
          <div class="main-panel-header rounded-window-top">
            <span class="header-content">Methods in chronological order</span>
          </div> <!-- main-panel-header rounded-window-top -->
          <div class="main-panel-content rounded-window-bottom">
            <div class="chronological-class">
              <div class="chronological-class-name">Test.TestNG_THO</div> <!-- chronological-class-name -->
              <div class="configuration-class before">
                <span class="method-name">setUp(chrome, 97.0, WIN8.1)</span>
                <span class="method-start">0 ms</span>
              </div> <!-- configuration-class before -->
              <div class="configuration-class before">
                <span class="method-name">setUp(firefox, 96.0, WIN11)</span>
                <span class="method-start">0 ms</span>
              </div> <!-- configuration-class before -->
              <div class="configuration-class before">
                <span class="method-name">setUp(firefox, 96.0, WIN10)</span>
                <span class="method-start">0 ms</span>
              </div> <!-- configuration-class before -->
              <div class="configuration-class before">
                <span class="method-name">setUp(MicrosoftEdge, 97.0, WIN10)</span>
                <span class="method-start">0 ms</span>
              </div> <!-- configuration-class before -->
              <div class="configuration-class before">
                <span class="method-name">setUp(chrome, 97.0, WIN11)</span>
                <span class="method-start">1 ms</span>
              </div> <!-- configuration-class before -->
              <div class="configuration-class before">
                <span class="method-name">setUp(safari, 15.0, macOS Big Sur)</span>
                <span class="method-start">1 ms</span>
              </div> <!-- configuration-class before -->
              <div class="configuration-class before">
                <span class="method-name">setUp(safari, 14.0, macOS Catalina)</span>
                <span class="method-start">1 ms</span>
              </div> <!-- configuration-class before -->
              <div class="configuration-class before">
                <span class="method-name">setUp(chrome, 97.0, WIN10)</span>
                <span class="method-start">2 ms</span>
              </div> <!-- configuration-class before -->
              <div class="configuration-class before">
                <span class="method-name">setUp(firefox, 96.0, WIN8.1)</span>
                <span class="method-start">2 ms</span>
              </div> <!-- configuration-class before -->
              <div class="configuration-class before">
                <span class="method-name">setUp(safari, 15.0, MacOS Monterey)</span>
                <span class="method-start">2 ms</span>
              </div> <!-- configuration-class before -->
              <div class="configuration-class before">
                <span class="method-name">setUp(safari, 13.0, macOS Catalina)</span>
                <span class="method-start">2 ms</span>
              </div> <!-- configuration-class before -->
              <div class="configuration-class before">
                <span class="method-name">setUp(MicrosoftEdge, 97.0, WIN11)</span>
                <span class="method-start">2 ms</span>
              </div> <!-- configuration-class before -->
              <div class="configuration-class before">
                <span class="method-name">setUp(MicrosoftEdge, 97.0, WIN8.1)</span>
                <span class="method-start">2 ms</span>
              </div> <!-- configuration-class before -->
              <div class="configuration-class before">
                <span class="method-name">setUp(opera, 82.0, WIN11)</span>
                <span class="method-start">2 ms</span>
              </div> <!-- configuration-class before -->
              <div class="configuration-class before">
                <span class="method-name">setUp(opera, 82.0, WIN10)</span>
                <span class="method-start">2 ms</span>
              </div> <!-- configuration-class before -->
              <div class="configuration-class before">
                <span class="method-name">setUp(opera, 82.0, WIN8.1)</span>
                <span class="method-start">2 ms</span>
              </div> <!-- configuration-class before -->
              <div class="test-method">
                <img src="failed.png">
                </img>
                <span class="method-name">action</span>
                <span class="method-start">2506 ms</span>
              </div> <!-- test-method -->
              <div class="test-method">
                <img src="failed.png">
                </img>
                <span class="method-name">action</span>
                <span class="method-start">2506 ms</span>
              </div> <!-- test-method -->
              <div class="configuration-class after">
                <span class="method-name">tearDown</span>
                <span class="method-start">2519 ms</span>
              </div> <!-- configuration-class after -->
              <div class="configuration-class after">
                <span class="method-name">tearDown</span>
                <span class="method-start">2519 ms</span>
              </div> <!-- configuration-class after -->
              <div class="test-method">
                <img src="failed.png">
                </img>
                <span class="method-name">action</span>
                <span class="method-start">6888 ms</span>
              </div> <!-- test-method -->
              <div class="configuration-class after">
                <span class="method-name">tearDown</span>
                <span class="method-start">14233 ms</span>
              </div> <!-- configuration-class after -->
              <div class="test-method">
                <span class="method-name">action</span>
                <span class="method-start">25213 ms</span>
              </div> <!-- test-method -->
              <div class="configuration-class after">
                <span class="method-name">tearDown</span>
                <span class="method-start">108371 ms</span>
              </div> <!-- configuration-class after -->
              <div class="test-method">
                <span class="method-name">action</span>
                <span class="method-start">116935 ms</span>
              </div> <!-- test-method -->
              <div class="configuration-class after">
                <span class="method-name">tearDown</span>
                <span class="method-start">206661 ms</span>
              </div> <!-- configuration-class after -->
              <div class="test-method">
                <span class="method-name">action</span>
                <span class="method-start">231082 ms</span>
              </div> <!-- test-method -->
              <div class="configuration-class after">
                <span class="method-name">tearDown</span>
                <span class="method-start">323253 ms</span>
              </div> <!-- configuration-class after -->
              <div class="test-method">
                <span class="method-name">action</span>
                <span class="method-start">338075 ms</span>
              </div> <!-- test-method -->
              <div class="configuration-class after">
                <span class="method-name">tearDown</span>
                <span class="method-start">426723 ms</span>
              </div> <!-- configuration-class after -->
              <div class="test-method">
                <span class="method-name">action</span>
                <span class="method-start">436147 ms</span>
              </div> <!-- test-method -->
              <div class="configuration-class after">
                <span class="method-name">tearDown</span>
                <span class="method-start">524433 ms</span>
              </div> <!-- configuration-class after -->
              <div class="test-method">
                <img src="failed.png">
                </img>
                <span class="method-name">action</span>
                <span class="method-start">545331 ms</span>
              </div> <!-- test-method -->
              <div class="test-method">
                <img src="failed.png">
                </img>
                <span class="method-name">action</span>
                <span class="method-start">602222 ms</span>
              </div> <!-- test-method -->
              <div class="test-method">
                <img src="failed.png">
                </img>
                <span class="method-name">action</span>
                <span class="method-start">602281 ms</span>
              </div> <!-- test-method -->
              <div class="test-method">
                <img src="failed.png">
                </img>
                <span class="method-name">action</span>
                <span class="method-start">602289 ms</span>
              </div> <!-- test-method -->
              <div class="test-method">
                <img src="failed.png">
                </img>
                <span class="method-name">action</span>
                <span class="method-start">602301 ms</span>
              </div> <!-- test-method -->
              <div class="test-method">
                <img src="failed.png">
                </img>
                <span class="method-name">action</span>
                <span class="method-start">602339 ms</span>
              </div> <!-- test-method -->
              <div class="test-method">
                <img src="failed.png">
                </img>
                <span class="method-name">action</span>
                <span class="method-start">602496 ms</span>
              </div> <!-- test-method -->
              <div class="test-method">
                <img src="failed.png">
                </img>
                <span class="method-name">action</span>
                <span class="method-start">602623 ms</span>
              </div> <!-- test-method -->
              <div class="configuration-class after">
                <span class="method-name">tearDown</span>
                <span class="method-start">625830 ms</span>
              </div> <!-- configuration-class after -->
              <div class="configuration-class after">
                <img src="failed.png">
                </img>
                <span class="method-name">tearDown</span>
                <span class="method-start">625871 ms</span>
              </div> <!-- configuration-class after -->
              <div class="configuration-class after">
                <img src="failed.png">
                </img>
                <span class="method-name">tearDown</span>
                <span class="method-start">625889 ms</span>
              </div> <!-- configuration-class after -->
              <div class="configuration-class after">
                <img src="failed.png">
                </img>
                <span class="method-name">tearDown</span>
                <span class="method-start">625912 ms</span>
              </div> <!-- configuration-class after -->
              <div class="configuration-class after">
                <img src="failed.png">
                </img>
                <span class="method-name">tearDown</span>
                <span class="method-start">626180 ms</span>
              </div> <!-- configuration-class after -->
              <div class="configuration-class after">
                <span class="method-name">tearDown</span>
                <span class="method-start">626180 ms</span>
              </div> <!-- configuration-class after -->
              <div class="configuration-class after">
                <img src="failed.png">
                </img>
                <span class="method-name">tearDown</span>
                <span class="method-start">626181 ms</span>
              </div> <!-- configuration-class after -->
              <div class="configuration-class after">
                <span class="method-name">tearDown</span>
                <span class="method-start">626374 ms</span>
              </div> <!-- configuration-class after -->
          </div> <!-- main-panel-content rounded-window-bottom -->
        </div> <!-- panel -->
      </div> <!-- main-panel-root -->
    </div> <!-- wrapper -->
  </body>
<script type="text/javascript" src="testng-reports2.js"></script>
</html>
