<?xml version="1.0" encoding="UTF-8"?>
<!-- Generated by org.testng.reporters.JUnitReportReporter -->
<testsuite hostname="DESKTOP-I12U3FU" failures="0" tests="11" name="lambdatest.Interactive_AD_11_LT_Copy" time="-1648714752.000" errors="1" timestamp="2022-03-31T13:48:43 IST" skipped="10">
  <testcase classname="lambdatest.Interactive_AD_11_LT_Copy" name="setUp" time="-1648714752.000">
    <error message="
Parameter &#039;browser&#039; is required by BeforeSuite on method setUp but has not been marked @Optional or defined
in C:\Users\Himanshu\eclipse-workspace\lambdatest\testng.xml" type="org.testng.TestNGException">
      <![CDATA[org.testng.TestNGException: 
Parameter 'browser' is required by BeforeSuite on method setUp but has not been marked @Optional or defined
in C:\Users\Himanshu\eclipse-workspace\lambdatest\testng.xml
at org.testng.internal.Parameters.createParams(Parameters.java:267)
at org.testng.internal.Parameters.createParametersForMethod(Parameters.java:355)
at org.testng.internal.Parameters.createParameters(Parameters.java:660)
at org.testng.internal.Parameters.createConfigurationParameters(Parameters.java:166)
at org.testng.internal.invokers.ConfigInvoker.invokeConfigurations(ConfigInvoker.java:300)
at org.testng.SuiteRunner.privateRun(SuiteRunner.java:368)
at org.testng.SuiteRunner.run(SuiteRunner.java:326)
at org.testng.SuiteRunnerWorker.runSuite(SuiteRunnerWorker.java:52)
at org.testng.SuiteRunnerWorker.run(SuiteRunnerWorker.java:95)
at org.testng.TestNG.runSuitesSequentially(TestNG.java:1249)
at org.testng.TestNG.runSuitesLocally(TestNG.java:1169)
at org.testng.TestNG.runSuites(TestNG.java:1092)
at org.testng.TestNG.run(TestNG.java:1060)
at org.testng.remote.AbstractRemoteTestNG.run(AbstractRemoteTestNG.java:115)
at org.testng.remote.RemoteTestNG.initAndRun(RemoteTestNG.java:251)
at org.testng.remote.RemoteTestNG.main(RemoteTestNG.java:77)
]]>
    </error>
  </testcase> <!-- setUp -->
  <system-out/>
  <testcase classname="lambdatest.Interactive_AD_11_LT_Copy" name="playVideo" time="0.000">
    <skipped/>
  </testcase> <!-- playVideo -->
  <system-out/>
  <testcase classname="lambdatest.Interactive_AD_11_LT_Copy" name="openSecondSAM" time="0.000">
    <skipped/>
  </testcase> <!-- openSecondSAM -->
  <system-out/>
  <testcase classname="lambdatest.Interactive_AD_11_LT_Copy" name="openThirdSAM" time="0.001">
    <skipped/>
  </testcase> <!-- openThirdSAM -->
  <system-out/>
  <testcase classname="lambdatest.Interactive_AD_11_LT_Copy" name="openFirstSAM" time="0.001">
    <skipped/>
  </testcase> <!-- openFirstSAM -->
  <system-out/>
  <testcase classname="lambdatest.Interactive_AD_11_LT_Copy" name="verifyFirstSAMButton" time="0.000">
    <skipped/>
  </testcase> <!-- verifyFirstSAMButton -->
  <system-out/>
  <testcase classname="lambdatest.Interactive_AD_11_LT_Copy" name="verifyThirdSAMButton" time="0.000">
    <skipped/>
  </testcase> <!-- verifyThirdSAMButton -->
  <system-out/>
  <testcase classname="lambdatest.Interactive_AD_11_LT_Copy" name="verifySecondSAMButton" time="0.003">
    <skipped/>
  </testcase> <!-- verifySecondSAMButton -->
  <system-out/>
  <testcase classname="lambdatest.Interactive_AD_11_LT_Copy" name="closeThirdSAM" time="0.001">
    <skipped/>
  </testcase> <!-- closeThirdSAM -->
  <system-out/>
  <testcase classname="lambdatest.Interactive_AD_11_LT_Copy" name="closeSecondSAM" time="0.000">
    <skipped/>
  </testcase> <!-- closeSecondSAM -->
  <system-out/>
  <testcase classname="lambdatest.Interactive_AD_11_LT_Copy" name="closeFirstSAM" time="0.001">
    <skipped/>
  </testcase> <!-- closeFirstSAM -->
  <system-out/>
</testsuite> <!-- lambdatest.Interactive_AD_11_LT_Copy -->
